{"logTime": "0719/132244", "correlationVector":"TMp4Dw4QZfs068pEO+p8mL","action":"Normal GetUpdate request", "result":"", "context":cV=TMp4Dw4QZfs068pEO+p8mL
Nudged types: Sessions, History
Refresh requested types: Bookmarks, Preferences, Passwords, Autofill Profiles, Autofill, Extensions, Sessions, Extension settings, History Delete Directives, Device Info, User Consents, Send Tab To Self, Web Apps, History, Saved Tab Group, WebAuthn Credentials, Edge E Drop, Edge Hub App Usage, Edge Workspace, Encryption Keys}
{"logTime": "0719/132246", "correlationVector":"TMp4Dw4QZfs068pEO+p8mL.1","action":"SyncServerConnectionManagerRequest", "result":"SYNC_SERVER_OK", "context":{"environment":"Prod_southindia_prod-s01-004-apac-southindia", "migrationStage":"NotStarted", "server":"akswtt10600000k"}}
{"logTime": "0719/132246", "correlationVector":"TMp4Dw4QZfs068pEO+p8mL.2","action":"GetUpdates Response", "result":"Success", "context":Received 0 update(s). cV=TMp4Dw4QZfs068pEO+p8mL.0;server=akswtt10600000k;cloudType=Consumer;environment=Prod_southindia_prod-s01-004-apac-southindia;migrationStage=NotStarted}
{"logTime": "0719/132246", "correlationVector":"JTaPRKFVeRW+cMr/LaoQJn","action":"Commit Request", "result":"", "context":Item count: 8
Contributing types: Sessions, History}
{"logTime": "0719/132247", "correlationVector":"JTaPRKFVeRW+cMr/LaoQJn.1","action":"SyncServerConnectionManagerRequest", "result":"SYNC_SERVER_OK", "context":{"environment":"Prod_southindia_prod-s01-004-apac-southindia", "migrationStage":"NotStarted", "server":"akswtt106000005"}}
{"logTime": "0719/132247", "correlationVector":"JTaPRKFVeRW+cMr/LaoQJn.2","action":"Commit Response", "result":"Success", "context":Result: Success. cV=JTaPRKFVeRW+cMr/LaoQJn.0;server=akswtt106000005;cloudType=Consumer;environment=Prod_southindia_prod-s01-004-apac-southindia;migrationStage=NotStarted}
{"logTime": "0719/132249", "correlationVector":"V48EQyFpxe1vHjMoJFVct7","action":"Commit Request", "result":"", "context":Item count: 7
Contributing types: Preferences, Sessions, History}
{"logTime": "0719/132251", "correlationVector":"V48EQyFpxe1vHjMoJFVct7.1","action":"SyncServerConnectionManagerRequest", "result":"SYNC_SERVER_OK", "context":{"environment":"Prod_southindia_prod-s01-004-apac-southindia", "migrationStage":"NotStarted", "server":"akswtt10600002u"}}
{"logTime": "0719/132251", "correlationVector":"V48EQyFpxe1vHjMoJFVct7.2","action":"Commit Response", "result":"Success", "context":Result: Success. cV=V48EQyFpxe1vHjMoJFVct7.0;server=akswtt10600002u;cloudType=Consumer;environment=Prod_southindia_prod-s01-004-apac-southindia;migrationStage=NotStarted}
{"logTime": "0719/132251", "correlationVector":"V48EQyFpxe1vHjMoJFVct7.3","action":"Commit.Sessions", "result":"Success", "context":{"id":"3441cb8e-5dac-4c37-b9fe-9cddc9948bf8", "isDeleted":"true", "size":"0", "version":"1784467232576"}}
{"logTime": "0721/134446", "correlationVector":"G2a9g5QzL8hihf0A0ZRvHj","action":"Normal GetUpdate request", "result":"", "context":cV=G2a9g5QzL8hihf0A0ZRvHj
Nudged types: Sessions, History
Refresh requested types: Bookmarks, Preferences, Passwords, Autofill Profiles, Autofill, Extensions, Sessions, Extension settings, History Delete Directives, Device Info, User Consents, Send Tab To Self, Web Apps, History, Saved Tab Group, WebAuthn Credentials, Edge E Drop, Edge Hub App Usage, Edge Workspace, Encryption Keys}
{"logTime": "0721/134446", "correlationVector":"G2a9g5QzL8hihf0A0ZRvHj.1","action":"SyncServerConnectionManagerRequest", "result":"SYNC_SERVER_OK", "context":{"environment":"Prod_southindia_prod-s01-004-apac-southindia", "migrationStage":"NotStarted", "server":"akswtt106000003"}}
{"logTime": "0721/134446", "correlationVector":"G2a9g5QzL8hihf0A0ZRvHj.2","action":"ProcessGetUpdates", "result":"Done", "context":{"dataType":"Sessions", "deleted":"1", "process_failed_to_decrypt":"0", "process_pending_decryption":"0", "process_success":"5", "total":"5"}}
{"logTime": "0721/134446", "correlationVector":"G2a9g5QzL8hihf0A0ZRvHj.3","action":"ProcessGetUpdates", "result":"Done", "context":{"dataType":"History", "deleted":"0", "process_failed_to_decrypt":"0", "process_pending_decryption":"0", "process_success":"13", "total":"13"}}
{"logTime": "0721/134446", "correlationVector":"G2a9g5QzL8hihf0A0ZRvHj.4","action":"GetUpdates Response", "result":"Success", "context":Received 18 update(s). cV=G2a9g5QzL8hihf0A0ZRvHj.0;server=akswtt106000003;cloudType=Consumer;environment=Prod_southindia_prod-s01-004-apac-southindia;migrationStage=NotStarted}
{"logTime": "0721/134446", "correlationVector":"4GGHBzM02w5PjmPTD5KtpQ","action":"Commit Request", "result":"", "context":Item count: 14
Contributing types: Sessions, History}
{"logTime": "0721/134449", "correlationVector":"4GGHBzM02w5PjmPTD5KtpQ.1","action":"SyncServerConnectionManagerRequest", "result":"SYNC_SERVER_OK", "context":{"environment":"Prod_southindia_prod-s01-004-apac-southindia", "migrationStage":"NotStarted", "server":"akswtt10600000l"}}
{"logTime": "0721/134449", "correlationVector":"4GGHBzM02w5PjmPTD5KtpQ.2","action":"Commit Response", "result":"Success", "context":Result: Success. cV=4GGHBzM02w5PjmPTD5KtpQ.0;server=akswtt10600000l;cloudType=Consumer;environment=Prod_southindia_prod-s01-004-apac-southindia;migrationStage=NotStarted}
{"logTime": "0721/134449", "correlationVector":"irYYDKP+/z7wselzklhobQ","action":"Poll GetUpdate request", "result":"", "context":cV=irYYDKP+/z7wselzklhobQ}
{"logTime": "0721/134449", "correlationVector":"irYYDKP+/z7wselzklhobQ.1","action":"SyncServerConnectionManagerRequest", "result":"SYNC_SERVER_OK", "context":{"environment":"Prod_southindia_prod-s01-004-apac-southindia", "migrationStage":"NotStarted", "server":"akswtt106000004"}}
{"logTime": "0721/134449", "correlationVector":"irYYDKP+/z7wselzklhobQ.2","action":"ProcessGetUpdates", "result":"Done", "context":{"dataType":"Sessions", "deleted":"0", "process_failed_to_decrypt":"0", "process_pending_decryption":"0", "process_success":"1", "total":"1"}}
{"logTime": "0721/134449", "correlationVector":"irYYDKP+/z7wselzklhobQ.3","action":"ProcessGetUpdates", "result":"Done", "context":{"dataType":"History", "deleted":"0", "process_failed_to_decrypt":"0", "process_pending_decryption":"0", "process_success":"13", "total":"13"}}
{"logTime": "0721/134449", "correlationVector":"irYYDKP+/z7wselzklhobQ.4","action":"GetUpdates Response", "result":"Success", "context":Received 14 update(s). cV=irYYDKP+/z7wselzklhobQ.0;server=akswtt106000004;cloudType=Consumer;environment=Prod_southindia_prod-s01-004-apac-southindia;migrationStage=NotStarted}
{"logTime": "0721/140729", "correlationVector":"b6XudqlLapYOp702GMKsHo","action":"Normal GetUpdate request", "result":"", "context":cV=b6XudqlLapYOp702GMKsHo
Nudged types: Sessions, History
Refresh requested types: Bookmarks, Preferences, Passwords, Autofill Profiles, Autofill, Extensions, Sessions, Extension settings, History Delete Directives, Device Info, User Consents, Send Tab To Self, Web Apps, History, Saved Tab Group, WebAuthn Credentials, Edge E Drop, Edge Hub App Usage, Edge Workspace, Encryption Keys}
{"logTime": "0721/140731", "correlationVector":"b6XudqlLapYOp702GMKsHo.1","action":"SyncServerConnectionManagerRequest", "result":"SYNC_SERVER_OK", "context":{"environment":"Prod_southindia_prod-s01-004-apac-southindia", "migrationStage":"NotStarted", "server":"akswtt10600001e"}}
{"logTime": "0721/140731", "correlationVector":"b6XudqlLapYOp702GMKsHo.2","action":"ProcessGetUpdates", "result":"Done", "context":{"dataType":"Sessions", "deleted":"0", "process_failed_to_decrypt":"0", "process_pending_decryption":"0", "process_success":"7", "total":"7"}}
{"logTime": "0721/140731", "correlationVector":"b6XudqlLapYOp702GMKsHo.3","action":"ProcessGetUpdates", "result":"Done", "context":{"dataType":"History", "deleted":"0", "process_failed_to_decrypt":"0", "process_pending_decryption":"0", "process_success":"21", "total":"21"}}
{"logTime": "0721/140731", "correlationVector":"b6XudqlLapYOp702GMKsHo.4","action":"GetUpdates Response", "result":"Success", "context":Received 28 update(s). cV=b6XudqlLapYOp702GMKsHo.0;server=akswtt10600001e;cloudType=Consumer;environment=Prod_southindia_prod-s01-004-apac-southindia;migrationStage=NotStarted}
{"logTime": "0721/140731", "correlationVector":"/DvQtDzvwf1tN91+neZJr4","action":"Commit Request", "result":"", "context":Item count: 13
Contributing types: Sessions, History}
{"logTime": "0721/140737", "correlationVector":"/DvQtDzvwf1tN91+neZJr4.1","action":"SyncServerConnectionManagerRequest", "result":"SYNC_SERVER_OK", "context":{"environment":"Prod_southindia_prod-s01-004-apac-southindia", "migrationStage":"NotStarted", "server":"akswtt106000025"}}
{"logTime": "0721/140737", "correlationVector":"/DvQtDzvwf1tN91+neZJr4.2","action":"Commit Response", "result":"Success", "context":Result: Success. cV=/DvQtDzvwf1tN91+neZJr4.0;server=akswtt106000025;cloudType=Consumer;environment=Prod_southindia_prod-s01-004-apac-southindia;migrationStage=NotStarted}
{"logTime": "0721/144121", "correlationVector":"93GJ2NmH0iMVGyF9loH+iR","action":"Normal GetUpdate request", "result":"", "context":cV=93GJ2NmH0iMVGyF9loH+iR
Nudged types: Sessions, History
Refresh requested types: Bookmarks, Preferences, Passwords, Autofill Profiles, Autofill, Extensions, Sessions, Extension settings, History Delete Directives, Device Info, User Consents, Send Tab To Self, Web Apps, History, Saved Tab Group, WebAuthn Credentials, Edge E Drop, Edge Hub App Usage, Edge Workspace, Encryption Keys}
{"logTime": "0721/144126", "correlationVector":"93GJ2NmH0iMVGyF9loH+iR","action":"SyncServerConnectionManagerRequest", "result":"CONNECTION_UNAVAILABLE", "context":{"error_type":"net_error_code", "error_value":"-3"}}
{"logTime": "0721/144128", "correlationVector":"UsoHOOtgYyA9831Ccme9jG","action":"Normal GetUpdate request", "result":"", "context":cV=UsoHOOtgYyA9831Ccme9jG
Nudged types: Sessions, History
Refresh requested types: Bookmarks, Preferences, Passwords, Autofill Profiles, Autofill, Extensions, Sessions, Extension settings, History Delete Directives, Device Info, User Consents, Send Tab To Self, Web Apps, History, Saved Tab Group, WebAuthn Credentials, Edge E Drop, Edge Hub App Usage, Edge Workspace, Encryption Keys}
{"logTime": "0721/144130", "correlationVector":"UsoHOOtgYyA9831Ccme9jG.1","action":"SyncServerConnectionManagerRequest", "result":"SYNC_SERVER_OK", "context":{"environment":"Prod_southindia_prod-s01-004-apac-southindia", "migrationStage":"NotStarted", "server":"akswtt10600001k"}}
{"logTime": "0721/144130", "correlationVector":"UsoHOOtgYyA9831Ccme9jG.2","action":"ProcessGetUpdates", "result":"Done", "context":{"dataType":"Sessions", "deleted":"0", "process_failed_to_decrypt":"0", "process_pending_decryption":"0", "process_success":"1", "total":"1"}}
{"logTime": "0721/144130", "correlationVector":"UsoHOOtgYyA9831Ccme9jG.3","action":"ProcessGetUpdates", "result":"Done", "context":{"dataType":"History", "deleted":"0", "process_failed_to_decrypt":"0", "process_pending_decryption":"0", "process_success":"12", "total":"12"}}
{"logTime": "0721/144130", "correlationVector":"UsoHOOtgYyA9831Ccme9jG.4","action":"GetUpdates Response", "result":"Success", "context":Received 13 update(s). cV=UsoHOOtgYyA9831Ccme9jG.0;server=akswtt10600001k;cloudType=Consumer;environment=Prod_southindia_prod-s01-004-apac-southindia;migrationStage=NotStarted}
{"logTime": "0721/144130", "correlationVector":"kBHq6XJXLVaq7uzvdXJp/8","action":"Commit Request", "result":"", "context":Item count: 23
Contributing types: Sessions, History}
{"logTime": "0721/144137", "correlationVector":"kBHq6XJXLVaq7uzvdXJp/8.1","action":"SyncServerConnectionManagerRequest", "result":"SYNC_SERVER_OK", "context":{"environment":"Prod_southindia_prod-s01-004-apac-southindia", "migrationStage":"NotStarted", "server":"akswtt10600000u"}}
{"logTime": "0721/144137", "correlationVector":"kBHq6XJXLVaq7uzvdXJp/8.2","action":"Commit Response", "result":"Success", "context":Result: Success. cV=kBHq6XJXLVaq7uzvdXJp/8.0;server=akswtt10600000u;cloudType=Consumer;environment=Prod_southindia_prod-s01-004-apac-southindia;migrationStage=NotStarted}
{"logTime": "0721/144137", "correlationVector":"kBHq6XJXLVaq7uzvdXJp/8.3","action":"Commit.Sessions", "result":"Success", "context":{"id":"ba09f2b6-aee5-4549-9666-3c283bbc6688", "isDeleted":"true", "size":"0", "version":"1784642357582"}}
{"logTime": "0721/144137", "correlationVector":"kBHq6XJXLVaq7uzvdXJp/8.4","action":"Commit.Sessions", "result":"Success", "context":{"id":"25fa69ad-8c20-4cc0-bf9e-54c839628759", "isDeleted":"true", "size":"0", "version":"1784642357584"}}
